g++ -std=c++11  -o game ./game.cpp 
----------------------------------------
B!                                      
                                        
    B#                                  
                                        
                                        
                                        
                                        
                                        
                                        
                                        
                                        
                                        
                                        
                                        
                                        
                                        
                                        
                                  R#    
                                        
                                      R!
----------------------------------------
----------------------------------------
B!                                      
                                        
                                        
                                        
        B#                              
                                        
                                        
                                        
                                        
                                        
                                        
                                        
                                        
                                        
                                        
                              R#        
                                        
                                        
                                        
                                      R!
----------------------------------------
----------------------------------------
B!                                      
                                        
                                        
                                        
              BI                        
        BH  B#                          
        BBB#BJ                          
                                        
                                        
                                        
                                        
                                        
                              RF        
                          R#R#          
                                        
                        R#              
                                        
                                        
                                        
                                      R!
----------------------------------------
----------------------------------------
B!                                      
                                        
                                        
          BD                            
            BG                          
      BCBABJ                            
      B#BH                              
                                        
                                        
                                        
                                  RF    
                                R#      
                                RI      
                          RBR#          
                                        
                          R#            
                                        
                                        
                                        
                                      R!
----------------------------------------
----------------------------------------
B!                                      
                                        
                                        
            BJ                          
        BG  BD                          
                                        
      B#                                
    BC                            RF    
      B#                                
                                        
                                  RI    
                          RD    RG      
                                        
                            R#          
                                        
                      R#                
                                        
                                        
                                        
                                      R!
----------------------------------------
----------------------------------------
B!                                      
                                        
              BJ                        
          BD                            
                                        
        BG                              
                                RF      
                                        
  BFBHBA                        RI      
  BB                          RG        
    BC                                  
                              RE        
                        RDRH            
                                        
                        RB              
                        RC              
                                        
                                        
                                        
                                      R!
----------------------------------------
----------------------------------------
B!                                      
                                        
            BJ                          
            BG                          
          BD                            
                                RF      
                                        
                                        
    BF                                  
    BB                          RI      
  BABH                        RG        
    BC                      RD          
                                        
                            RH          
                                        
                      RC                
                                        
                                        
                                        
                                      R!
----------------------------------------
----------------------------------------
B!                                      
                                        
            BJ                          
                BG                      
                                        
                                RF      
        BD                              
        BF                      RI      
      BB                                
      BA                                
                            RHRD        
BH                          RG          
                                        
    BC                                  
                                        
                                        
                                        
                  RC                    
                                        
                                      R!
----------------------------------------
----------------------------------------
B!                                      
                                        
                                        
        BJ  BG                          
                                        
                                RI      
                                        
      B#                                
      BF                                
                                R#      
                                        
                          RG            
                                        
  BH                                    
  BC                                    
                                        
                                        
                                        
                                        
                    RC                R!
----------------------------------------
----------------------------------------
B!                                      
                                        
                BG                      
                                  RI    
                                        
                                        
        BJBF                    RD      
                              RH        
                                        
      BBBA                              
                                        
                                        
                                        
    BHBC                    RG          
                                        
                                        
                                        
                      RC                
                                        
                                      R!
----------------------------------------
----------------------------------------
B!                                      
                              RI        
                                        
                                RD      
                                        
                                        
                            RH          
          BF                            
        BJ                              
                                        
                                        
                                RG      
      BBBA                              
          BH                            
                                        
        BC                              
                                        
                                        
                                        
                                      R!
----------------------------------------
----------------------------------------
B!                                      
                        RI              
                            RD          
                                        
                              RH        
                                        
                                        
                                        
                                RG      
        BF                              
            BJ                          
                                        
                                        
                                        
          BBBA                          
              BH                        
                                        
            BC                          
                                        
                                      R!
----------------------------------------
----------------------------------------
B!                                      
                        RI              
                      RD  RH            
                                        
                                        
                                        
                                RG      
                                        
                                        
                                        
                                        
                                        
        BF                              
            BJ                          
                  BA                    
                                        
              BB  BH                    
                  BC                    
                                        
                                      R!
----------------------------------------
----------------------------------------
B!                RD                    
                    RI                  
                    RH                  
                                        
                            RG          
                                        
                                        
                                        
                                        
                                        
                                        
                                        
                                        
            BF  BJ                      
                                        
                                        
                    BBBA                
                        BC              
                      BH                
                                      R!
----------------------------------------
----------------------------------------
B!          RD  RI                      
                                        
              RH        RG              
                                        
                                        
                                        
                                        
                                        
                                        
                                        
                                        
                                        
                                        
                                        
                                        
                BFBJ                    
                          BBBA          
                              BC        
                            BH          
                                      R!
----------------------------------------
----------------------------------------
B!    RD  RI                            
                                        
        RH        RG                    
                                        
                                        
                                        
                                        
                                        
                                        
                                        
                                        
                                        
                                        
                                        
                                        
                      BFBJ              
                                        
                                        
                              BBBABH    
                                  BC  R!
----------------------------------------
----------------------------------------
M#  R#                                  
                                        
            RG                          
                                        
                                        
                                        
                                        
                                        
                                        
                                        
                                        
                                        
                                        
                                        
                                        
                                        
                                        
                          BFBJ          
                                    BBBA
                                      M#
----------------------------------------
Result: Draw (both sides win)
Casualties Blues: 4 of 10
Casualties Reds : 6 of 10
Turns : 17
Not finished  : 0
Won by Blues  : 0
Won by Reds   : 0
Draw all dead : 0
Draw both win : 1
