20
20
----------------------------------------
B!                                      
                                        
    B#                                  
                                        
                                        
                                        
                                        
                                        
                                        
                                        
                                        
                                        
                      ll                
                    ll                  
                                ll  ll  
                                        
                  ll  ll    ll      ll  
                                  R#    
                                        
                                      R!
----------------------------------------
~
blues that fired~

reds that fired~

Killed/Survived: 0/10 blues, 0/10 reds
~
Reds overlap~
18 18:10
Blues overlap~
3 3:10
End overlap~
----------------------------------------
B!                                      
                                        
                                        
                                        
        B#                              
                                        
                                        
                                        
                                        
                                        
                                        
                                        
                      ll                
                    ll                  
                                ll  ll  
                              R#        
                  ll  ll    ll      ll  
                                        
                                        
                                      R!
----------------------------------------
~
blues that fired~

reds that fired~

Killed/Survived: 0/10 blues, 0/10 reds
~
Reds overlap~
16 16:10
Blues overlap~
5 5:10
End overlap~
----------------------------------------
B!                                      
                                        
                                        
                                        
              B#                        
            B#                          
          B#BJ                          
                                        
                                        
                                        
                                        
                                        
                      ll      RH        
                    ll      R#          
                          R#    ll  ll  
                        RB  RD          
                  ll  ll    ll      ll  
                                        
                                        
                                      R!
----------------------------------------
~
blues that fired~

reds that fired~

Killed/Survived: 0/10 blues, 0/10 reds
~
Reds overlap~
15 14:4
14 15:3
Blues overlap~
6 7:2
7 6:4
5 8:3
End overlap~
----------------------------------------
B!                                      
                                        
                                        
              B#                        
        BAB#                            
        BB                              
          BJ                            
      BH                                
                                        
                                        
                                        
                                        
                      ll      RH        
                    ll          RE      
                        RGRFRJ  ll  ll  
                            R#          
                  ll  ll    ll      ll  
                          R#            
                                        
                                      R!
----------------------------------------
~
blues that fired~

reds that fired~
13,16,14,15,
Killed/Survived: 0/8 blues, 0/10 reds
~
Reds overlap~
18 14:2
16 15:3
Blues overlap~
4 8:2
5 6:2
End overlap~
----------------------------------------
B!                                      
                                        
              BD                        
            BCBF                        
            BJ                          
        BI  BB                          
                                        
        BA                              
      BH                                
                                        
                                        
                                        
                      ll      RH        
                    ll      RERD        
                          RG  RFll  ll  
                        R#  RA          
                  ll  ll  RIll      ll  
                                        
                                        
                                      R!
----------------------------------------
~
blues that fired~

reds that fired~

Killed/Survived: 0/8 blues, 0/10 reds
~
Reds overlap~
16 13:3
Blues overlap~
End overlap~
----------------------------------------
B!                                      
                                        
                                        
                BD                      
          BIBBBF                        
          BCBABJ                        
                                        
                                        
                                        
    BH                                  
                                        
                                RH      
                      ll                
                    ll        RD        
                          R#R#  ll  ll  
                      RCR#              
                  ll  ll    ll      ll  
                                        
                                        
                                      R!
----------------------------------------
~
blues that fired~

reds that fired~

Killed/Survived: 0/8 blues, 0/10 reds
~
Reds overlap~
16 13:2
15 15:2
15 14:3
Blues overlap~
End overlap~
----------------------------------------
B!                                      
                                        
                BB                      
              BJ                        
        BC  B#                          
            BF                          
                                        
                                        
                                        
                                        
                                        
                                        
                      ll          RH    
                    ll      RD          
                        RCRE    ll  ll  
                          R#RF          
                  ll  llRGRAll      ll  
                                        
                                        
                                      R!
----------------------------------------
~
blues that fired~

reds that fired~
17,12,14,15,
Killed/Survived: 0/6 blues, 0/10 reds
~
Reds overlap~
16 14:3
Blues overlap~
5 7:2
End overlap~
----------------------------------------
B!                                      
                                        
                  B#                    
                                        
          BCB#BF                        
                                        
                                        
                                        
                                        
                                        
                                        
                            RD          
                      ll        RH      
                    ll                  
                        R#R#    ll  ll  
                        R#RF            
                  ll  ll    ll      ll  
                                        
                                        
                                      R!
----------------------------------------
~
blues that fired~

reds that fired~

Killed/Survived: 0/6 blues, 0/10 reds
~
Reds overlap~
15 13:3
16 13:2
15 14:2
Blues overlap~
3 10:2
5 7:2
End overlap~
----------------------------------------
B!                                      
                                        
              B#                        
                  BB                    
        BD                              
        BC                              
                                        
                                        
                                        
                                        
                                        
                                        
                      ll                
                    ll  RC  R#RH        
                        RGRARB  ll  ll  
                    RI    RF            
                  ll  ll    ll      ll  
                                        
                                        
                                      R!
----------------------------------------
~
blues that fired~

reds that fired~
17,13,
Killed/Survived: 0/5 blues, 0/10 reds
~
Reds overlap~
14 15:3
Blues overlap~
3 8:2
End overlap~
----------------------------------------
B!                BF                    
                                        
                BJBB                    
                                        
            BC                          
                                        
        BD                              
                                        
                                        
                                        
                                        
                                        
                      ll                
                    ll  RER#R#          
                    RIRCR#      ll  ll  
                                        
                  ll  ll    ll      ll  
                                        
                                        
                                      R!
----------------------------------------
~
blues that fired~

reds that fired~

Killed/Survived: 0/5 blues, 0/10 reds
~
Reds overlap~
14 14:2
14 15:3
15 13:2
Blues overlap~
End overlap~
----------------------------------------
B!                      BF              
                                        
            BC                          
              BB                        
            BJ                          
          BD                            
                                        
                                        
                                        
                                        
                                        
                              RD        
                      ll    R#          
                    ll  RHR#            
                    RG  RC      ll  ll  
                    R#                  
                  ll  ll    ll      ll  
                                        
                                        
                                      R!
----------------------------------------
~
blues that fired~

reds that fired~

Killed/Survived: 0/5 blues, 0/10 reds
~
Reds overlap~
13 15:2
14 14:2
16 11:2
Blues overlap~
End overlap~
----------------------------------------
B!                        BF            
                BB                      
                                        
        B#                              
          BC                            
                                        
                                        
                                        
                                        
                                        
                              RE        
                          RARF          
                      llRBRC            
                    ll                  
                RG        RH    ll  ll  
                  RIRJ                  
                  ll  ll    ll      ll  
                                        
                                        
                                      R!
----------------------------------------
~
blues that fired~
13,1,
reds that fired~

Killed/Survived: 0/5 blues, 0/9 reds
~
Reds overlap~
Blues overlap~
4 5:2
End overlap~
----------------------------------------
B!                BB      BF            
                                        
                                        
        BCBJBD                          
                                        
                                        
                                        
                                        
                                        
                                        
                                        
                              RE        
                      llRF              
            RG      llRBRHRC            
                RJ              ll  ll  
              RI                        
                  ll  ll    ll      ll  
                                        
                                        
                                      R!
----------------------------------------
~
blues that fired~
5,4,
reds that fired~

Killed/Survived: 0/5 blues, 0/8 reds
~
Reds overlap~
Blues overlap~
End overlap~
----------------------------------------
B!                                      
              BD              BF        
              BJ    BB                  
          BC                            
                                        
                                        
                                        
                                        
                                        
                                        
                                        
                            RC          
                      llRFRE            
            RG      ll                  
            RI  RJRBRH          ll  ll  
                                        
                  ll  ll    ll      ll  
                                        
                                        
                                      R!
----------------------------------------
~
blues that fired~

reds that fired~

Killed/Survived: 0/5 blues, 0/8 reds
~
Reds overlap~
Blues overlap~
End overlap~
----------------------------------------
B!                                BF    
                BJ    BB                
              BC                        
            BD                          
                                        
                                        
                                        
                                        
                                        
                                        
                                        
                                        
                RJ  RBll                
                    ll  RFR#            
        R#        RH            ll  ll  
                                        
                  ll  ll    ll      ll  
                                        
                                        
                                      R!
----------------------------------------
~
blues that fired~

reds that fired~

Killed/Survived: 0/5 blues, 0/8 reds
~
Reds overlap~
14 14:2
15 5:2
Blues overlap~
End overlap~
----------------------------------------
B!                        BB            
              BDBCBJ                    
                                      BF
                                        
                                        
                                        
                                        
                                        
                                        
                                        
                                        
                          RF            
      RI        RH    ll    RE          
      RG            ll  RC              
              RJ  RB            ll  ll  
                                        
                  ll  ll    ll      ll  
                                        
                                        
                                      R!
----------------------------------------
~
blues that fired~

reds that fired~

Killed/Survived: 0/5 blues, 0/8 reds
~
Reds overlap~
Blues overlap~
End overlap~
----------------------------------------
B!                                      
                BC      BJ    BB        
                BD                      
                                        
                                        
                                        
                                        
                                        
                                        
                                        
    RI                                  
  RG                    RC              
          RJRH    RB  llRF              
                    ll  RE              
                                ll  ll  
                                        
                  ll  ll    ll      ll  
                                        
                                        
                                      R!
----------------------------------------
~
blues that fired~

reds that fired~
14,12,
Killed/Survived: 0/4 blues, 0/8 reds
~
Reds overlap~
Blues overlap~
End overlap~
----------------------------------------
B!            BD    BCBJ                
                                        
                                        
                              BB        
                                        
                                        
                                        
                                        
                                        
  RI                                    
                                        
RG                      RE              
    RJRH      RB      ll                
                    ll    RF            
                                ll  ll  
                                        
                  ll  ll    ll      ll  
                                        
                                        
                                      R!
----------------------------------------
~
blues that fired~
9,2,
reds that fired~

Killed/Survived: 0/4 blues, 0/7 reds
~
Reds overlap~
Blues overlap~
End overlap~
----------------------------------------
B!                  BD                  
                    BJ            BB    
                        BC              
                                        
                                        
                                        
                                        
                                        
  RI                                    
RG                                      
RJRH                                    
            RB                          
                      ll                
                    ll                  
                        RF      ll  ll  
                                        
                  ll  ll    ll      ll  
                                        
                                        
                                      R!
----------------------------------------
~
blues that fired~
16,4,
reds that fired~

Killed/Survived: 0/4 blues, 0/6 reds
~
Reds overlap~
Blues overlap~
End overlap~
----------------------------------------
B!                                      
                                        
                        B#              
                            BC          
                                  BB    
                                        
R#                                      
                                        
  RHRJ                                  
                                        
        RB                              
                                        
                      ll                
                    llRF                
                                ll  ll  
                                        
                  ll  ll    ll      ll  
                                        
                                        
                                      R!
----------------------------------------
~
blues that fired~

reds that fired~

Killed/Survived: 0/4 blues, 0/6 reds
~
Reds overlap~
7 1:2
Blues overlap~
3 13:2
End overlap~
----------------------------------------
B!                                      
                                        
                              BD        
RG                                      
                        BJ              
RI  RJ                        BC        
RH                                    BB
                                        
                                        
                                        
                                        
                                        
                      ll                
                  RFll                  
                                ll  ll  
                                        
                  ll  ll    ll      ll  
                                        
                                        
                                      R!
----------------------------------------
~
blues that fired~
13,3,
reds that fired~

Killed/Survived: 0/4 blues, 0/5 reds
~
Reds overlap~
Blues overlap~
End overlap~
----------------------------------------
M#                                      
                                        
    RJ                    BJ            
R#                                      
                                        
                                        
                                        
                                        
                              BC        
                                      BB
                                        
                                        
              RF      ll                
                    ll                  
                                ll  ll  
                                        
                  ll  ll    ll      ll  
                                        
                                        
                                      R!
----------------------------------------
~
blues that fired~

reds that fired~
3,6,
Killed/Survived: 0/3 blues, 0/5 reds
~
Reds overlap~
4 1:2
Blues overlap~
End overlap~
Result: Reds win
Casualties Blues: 7 of 10
Casualties Reds : 5 of 10
Turns : 22
Not finished  : 0
Won by Blues  : 0
Won by Reds   : 1
Draw all dead : 0
Draw both win : 0
